<?xml version="1.0" encoding="UTF-8"?>
<!-- Generated by org.testng.reporters.JUnitXMLReporter -->
<testsuite ignored="0" hostname="BINTERNS-QA31L" failures="0" tests="6" name="Default test" time="9.997" errors="0" timestamp="2023-05-19T13:06:35 IST">
  <testcase classname="Netmeds_Test.Filters" name="searchProduct" time="1.251"/>
  <testcase classname="Netmeds_Test.Filters" name="selectBrand" time="0.117"/>
  <testcase classname="Netmeds_Test.Filters" name="selectManufacturers" time="0.119"/>
  <testcase classname="Netmeds_Test.Filters" name="selectCategories" time="0.142"/>
  <testcase classname="Netmeds_Test.Filters" name="adjustDiscount" time="0.605"/>
  <testcase classname="Netmeds_Test.Filters" name="adjustPrice" time="0.591"/>
</testsuite> <!-- Default test -->
