<?xml version="1.0" encoding="UTF-8"?>
<testng-results ignored="0" total="6" passed="6" failed="0" skipped="0">
  <reporter-output>
  </reporter-output>
  <suite started-at="2023-05-19T13:06:25 IST" name="Default suite" finished-at="2023-05-19T13:06:35 IST" duration-ms="9997">
    <groups>
    </groups>
    <test started-at="2023-05-19T13:06:25 IST" name="Default test" finished-at="2023-05-19T13:06:35 IST" duration-ms="9997">
      <class name="Netmeds_Test.Filters">
        <test-method is-config="true" signature="launchWebsite()[pri:0, instance:Netmeds_Test.Filters@173ed316]" started-at="2023-05-19T13:06:25 IST" name="launchWebsite" finished-at="2023-05-19T13:06:32 IST" duration-ms="6776" status="PASS">
          <reporter-output>
          </reporter-output>
        </test-method> <!-- launchWebsite -->
        <test-method signature="searchProduct()[pri:1, instance:Netmeds_Test.Filters@173ed316]" started-at="2023-05-19T13:06:32 IST" name="searchProduct" finished-at="2023-05-19T13:06:33 IST" duration-ms="1251" status="PASS">
          <reporter-output>
          </reporter-output>
        </test-method> <!-- searchProduct -->
        <test-method signature="selectBrand()[pri:2, instance:Netmeds_Test.Filters@173ed316]" started-at="2023-05-19T13:06:33 IST" name="selectBrand" finished-at="2023-05-19T13:06:34 IST" duration-ms="117" status="PASS">
          <reporter-output>
          </reporter-output>
        </test-method> <!-- selectBrand -->
        <test-method signature="selectManufacturers()[pri:3, instance:Netmeds_Test.Filters@173ed316]" started-at="2023-05-19T13:06:34 IST" name="selectManufacturers" finished-at="2023-05-19T13:06:34 IST" duration-ms="119" status="PASS">
          <reporter-output>
          </reporter-output>
        </test-method> <!-- selectManufacturers -->
        <test-method signature="selectCategories()[pri:4, instance:Netmeds_Test.Filters@173ed316]" started-at="2023-05-19T13:06:34 IST" name="selectCategories" finished-at="2023-05-19T13:06:34 IST" duration-ms="142" status="PASS">
          <reporter-output>
          </reporter-output>
        </test-method> <!-- selectCategories -->
        <test-method signature="adjustDiscount()[pri:5, instance:Netmeds_Test.Filters@173ed316]" started-at="2023-05-19T13:06:34 IST" name="adjustDiscount" finished-at="2023-05-19T13:06:34 IST" duration-ms="605" status="PASS">
          <reporter-output>
          </reporter-output>
        </test-method> <!-- adjustDiscount -->
        <test-method signature="adjustPrice()[pri:5, instance:Netmeds_Test.Filters@173ed316]" started-at="2023-05-19T13:06:34 IST" name="adjustPrice" finished-at="2023-05-19T13:06:35 IST" duration-ms="591" status="PASS">
          <reporter-output>
          </reporter-output>
        </test-method> <!-- adjustPrice -->
        <test-method is-config="true" signature="terminate()[pri:0, instance:Netmeds_Test.Filters@173ed316]" started-at="2023-05-19T13:06:35 IST" name="terminate" finished-at="2023-05-19T13:06:35 IST" duration-ms="245" status="PASS">
          <reporter-output>
          </reporter-output>
        </test-method> <!-- terminate -->
        <test-method is-config="true" signature="reportEnd()[pri:0, instance:Netmeds_Test.Filters@173ed316]" started-at="2023-05-19T13:06:35 IST" name="reportEnd" finished-at="2023-05-19T13:06:35 IST" duration-ms="115" status="PASS">
          <reporter-output>
          </reporter-output>
        </test-method> <!-- reportEnd -->
      </class> <!-- Netmeds_Test.Filters -->
    </test> <!-- Default test -->
  </suite> <!-- Default suite -->
</testng-results>
